| 2024-11-17 13:30:33,934 | INFO | Connected to the server. |
| 2024-11-17 13:30:33,989 | INFO | Received: You are Player 2. Game is starting...Game starting. You go first. Your turn |
| 2024-11-17 13:30:33,998 | INFO | Player turn set to True |
| 2024-11-17 13:30:37,898 | INFO | Turn taken| 2024-11-17 13:30:37,899 || 2024-11-17 13:30:37,899 | INFO | Received:| 2024-11-17 13:30:37,901 | INFO | Received: Your turn to play a card due to face card rule. Click 'Take Turn' to play each ca| 2024-11-17 13:30:39,950 | INFO | Received: Pile: ['Ace of Spades', 'King of Hearts'] | 3 card(s) left to play. |
| 2024-11-17 13:30:41,438 | INFO | Received: Pile: ['Ace of Spades', 'King of Hearts', '7 of Hearts'] | 2 card(s) left to play. |
| 2024-11-17 13:30:42,649 | INFO | Received: Pile: ['Ace of Spades', 'King of Hearts', '7 of Hearts', '2 of Clubs'] | 1 card(s) left to play. |
| 2024-11-17 13:30:43,632 | INFO | Received: Pile: ['Ace of Spades', 'King of Hearts', '7 of Hearts', '2 of Clubs', '4 of Clubs'] | 0 card(s) left to play. |
| 2024-11-17 13:30:43,633 | INFO | Received: Player 2 takes the pile after face card round.Wait for your turn |
| 2024-11-17 13:30:43,641 | INFO | Player turn set to False |
| 2024-11-17 13:30:47,128 | INFO | Received: Pile: ['8 of Hearts'] |
| 2024-11-17 13:30:47,131 | INFO | Received: Your turn. |
| 2024-11-17 13:30:47,136 | INFO | Player turn set to True |
| 2024-11-17 13:30:48,608 | INFO | Turn taken message sent to server. |
| 2024-11-17 13:30:48,609 | INFO | Received: Pile: ['8 of Hearts', '4 of Spades'] |
| 2024-11-17 13:30:48,611 | INFO | Received: Wait for your turn. |
| 2024-11-17 13:30:48,622 | INFO | Player turn set to False |
| 2024-11-17 13:30:49,884 | INFO | Received: Pile: ['8 of Hearts', '4 of Spades', '10 of Clubs'] |
| 2024-11-17 13:30:49,889 | INFO | Received: Your turn. |
| 2024-11-17 13:30:49,901 | INFO | Player turn set to True |
| 2024-11-17 13:30:51,606 | INFO | Turn taken message sent to server. |
| 2024-11-17 13:30:51,607 | INFO | Received: Pile: ['8 of Hearts', '4 of Spades', '10 of Clubs', '9 of Hearts'] |
| 2024-11-17 13:30:51,613 | INFO | Received: Wait for your turn. |
| 2024-11-17 13:30:51,618 | INFO | Player turn set to False |
| 2024-11-17 13:30:53,459 | INFO | Received: Pile: ['8 of Hearts', '4 of Spades', '10 of Clubs', '9 of Hearts', '8 of Clubs'] |
| 2024-11-17 13:30:53,464 | INFO | Received: Your turn. |
| 2024-11-17 13:30:53,479 | INFO | Player turn set to True |
| 2024-11-17 13:30:54,947 | INFO | Turn taken message sent to server. |
| 2024-11-17 13:30:54,948 | INFO | Received: Pile: ['8 of Hearts', '4 of Spades', '10 of Clubs', '9 of Hearts', '8 of Clubs', '6 of Clubs'] |
| 2024-11-17 13:30:54,950 | INFO | Received: Wait for your turn. |
| 2024-11-17 13:30:54,959 | INFO | Player turn set to False |
| 2024-11-17 13:30:56,300 | INFO | Received: Pile: ['8 of Hearts', '4 of Spades', '10 of Clubs', '9 of Hearts', '8 of Clubs', '6 of Clubs', '6 of Spades'] |
| 2024-11-17 13:30:56,304 | INFO | Received: Your turn. |
| 2024-11-17 13:30:56,317 | INFO | Player turn set to True |
| 2024-11-17 13:30:58,769 | INFO | Deck slapped message sent to server. |
| 2024-11-17 13:30:58,778 | INFO | Received: Player 2 made a valid slap. The pile is now empty. |
| 2024-11-17 13:30:58,785 | INFO | Received: Your hand has been updated. You now have 34 cards. |
| 2024-11-17 13:31:00,501 | INFO | Turn taken message sent to server. |
| 2024-11-17 13:31:00,501 | INFO | Received: Pile: ['3 of Clubs'] |
| 2024-11-17 13:31:00,508 | INFO | Received: Wait for your turn. |
| 2024-11-17 13:31:00,514 | INFO | Player turn set to False |
| 2024-11-17 13:31:02,688 | INFO | Received: Pile: ['3 of Clubs', '4 of Hearts'] |
| 2024-11-17 13:31:02,693 | INFO | Received: Your turn. |
| 2024-11-17 13:31:02,704 | INFO | Player turn set to True |
| 2024-11-17 13:31:03,805 | INFO | Turn taken message sent to server. |
| 2024-11-17 13:31:03,806 | INFO | Received: Pile: ['3 of Clubs', '4 of Hearts', 'Jack of Spades'] |
| 2024-11-17 13:31:03,814 | INFO | Received: Player 1 must play 1 card(s) due to face card rule. |
| 2024-11-17 13:31:06,683 | INFO | Received: Pile: ['3 of Clubs', '4 of Hearts', 'Jack of Spades', 'Jack of Diamonds'] | 0 card(s) left to play. |
| 2024-11-17 13:31:06,686 | INFO | Received: Player 2 takes the pile after face card round.Wait for your turn |
| 2024-11-17 13:31:06,690 | INFO | Player turn set to False |
| 2024-11-17 13:31:13,920 | INFO | Received: Pile: ['King of Spades'] |
| 2024-11-17 13:31:13,927 | INFO | Received: Your turn to play a card due to face card rule. Click 'Take Turn' to play each card.Player 2 must play 3 card(s) due to face card rule. |
| 2024-11-17 13:31:13,931 | INFO | Face card turn set to True |
| 2024-11-17 13:31:15,990 | INFO | Face card turn taken message sent to server. |
| 2024-11-17 13:31:15,991 | INFO | Received: Pile: ['King of Spades', '2 of Spades'] | 2 card(s) left to play. |
| 2024-11-17 13:31:15,993 | INFO | Received: Your turn to play a card due to face card rule. You have 2 card(s) left. |
| 2024-11-17 13:31:16,009 | INFO | Face card turn set to True |
| 2024-11-17 13:31:18,818 | INFO | Face card turn taken message sent to server. |
| 2024-11-17 13:31:18,819 | INFO | Received: Pile: ['King of Spades', '2 of Spades', '3 of Hearts'] | 1 card(s) left to play. |
| 2024-11-17 13:31:18,820 | INFO | Received: Your turn to play a card due to face card rule. You have 1 card(s) left. |
| 2024-11-17 13:31:18,828 | INFO | Face card turn set to True |
| 2024-11-17 13:31:20,200 | INFO | Face card turn taken message sent to server. |
| 2024-11-17 13:31:20,201 | INFO | Received: Pile: ['King of Spades', '2 of Spades', '3 of Hearts', 'Ace of Clubs'] | 0 card(s) left to play. |
| 2024-11-17 13:31:20,206 | INFO | Received: Player 1 takes the pile after face card round.Your turn. |
| 2024-11-17 13:31:20,216 | INFO | Player turn set to True |
| 2024-11-17 13:31:23,332 | INFO | Turn taken message sent to server. |
| 2024-11-17 13:31:23,334 | INFO | Received: Pile: ['Jack of Hearts'] |
| 2024-11-17 13:31:23,337 | INFO | Received: Player 1 must play 1 card(s) due to face card rule. |
| 2024-11-17 13:31:25,883 | INFO | Received: Pile: ['Jack of Hearts', '6 of Diamonds'] | 0 card(s) left to play. |
| 2024-11-17 13:31:25,885 | INFO | Received: Player 2 takes the pile after face card round.Wait for your turn |
| 2024-11-17 13:31:25,899 | INFO | Player turn set to False |
| 2024-11-17 13:31:29,138 | INFO | Received: Pile: ['5 of Diamonds'] |
| 2024-11-17 13:31:29,147 | INFO | Received: Your turn. |
| 2024-11-17 13:31:29,154 | INFO | Player turn set to True |
| 2024-11-17 13:31:33,623 | INFO | Turn taken message sent to server. |
| 2024-11-17 13:31:33,624 | INFO | Received: Pile: ['5 of Diamonds', '9 of Spades'] |
| 2024-11-17 13:31:33,629 | INFO | Received: Wait for your turn. |
| 2024-11-17 13:31:33,639 | INFO | Player turn set to False |
| 2024-11-17 13:31:35,111 | INFO | Received: Pile: ['5 of Diamonds', '9 of Spades', '7 of Spades'] |
| 2024-11-17 13:31:35,111 | INFO | Received: Your turn. |
| 2024-11-17 13:31:35,115 | INFO | Player turn set to True |
| 2024-11-17 13:31:36,364 | INFO | Turn taken message sent to server. |
| 2024-11-17 13:31:36,366 | INFO | Received: Pile: ['5 of Diamonds', '9 of Spades', '7 of Spades', '4 of Diamonds'] |
| 2024-11-17 13:31:36,373 | INFO | Received: Wait for your turn. |
| 2024-11-17 13:31:36,383 | INFO | Player turn set to False |
| 2024-11-17 13:31:37,746 | INFO | Received: Pile: ['5 of Diamonds', '9 of Spades', '7 of Spades', '4 of Diamonds', '7 of Diamonds'] |
| 2024-11-17 13:31:37,746 | INFO | Received: Your turn. |
| 2024-11-17 13:31:37,749 | INFO | Player turn set to True |
| 2024-11-17 13:31:40,241 | INFO | Received: Player 1 made a valid slap. The pile is now empty. |
| 2024-11-17 13:31:40,257 | INFO | Received: Player 1 made a valid slap and took the pile. |
| 2024-11-17 13:31:42,354 | INFO | Turn taken message sent to server. |
| 2024-11-17 13:31:42,356 | INFO | Received: Pile: ['7 of Clubs'] |
| 2024-11-17 13:31:42,361 | INFO | Received: Wait for your turn. |
| 2024-11-17 13:31:42,371 | INFO | Player turn set to False |
| 2024-11-17 13:31:49,028 | INFO | Received: Pile: ['7 of Clubs', 'Ace of Diamonds'] |
| 2024-11-17 13:31:49,032 | INFO | Received: Your turn to play a card due to face card rule. Click 'Take Turn' to play each card.Player 2 must play 4 card(s) due to face card rule. |
| 2024-11-17 13:31:49,044 | INFO | Face card turn set to True |
| 2024-11-17 13:31:51,610 | INFO | Face card turn taken message sent to server. |
| 2024-11-17 13:31:51,612 | INFO | Received: Pile: ['7 of Clubs', 'Ace of Diamonds', '6 of Hearts'] | 3 card(s) left to play. |
| 2024-11-17 13:31:51,613 | INFO | Received: Your turn to play a card due to face card rule. You have 3 card(s) left. |
| 2024-11-17 13:31:51,627 | INFO | Face card turn set to True |
| 2024-11-17 13:31:53,114 | INFO | Face card turn taken message sent to server. |
| 2024-11-17 13:31:53,115 | INFO | Received: Pile: ['7 of Clubs', 'Ace of Diamonds', '6 of Hearts', '3 of Diamonds'] | 2 card(s) left to play. |
| 2024-11-17 13:31:53,121 | INFO | Received: Your turn to play a card due to face card rule. You have 2 card(s) left. |
| 2024-11-17 13:31:53,125 | INFO | Face card turn set to True |
| 2024-11-17 13:31:55,142 | INFO | Face card turn taken message sent to server. |
| 2024-11-17 13:31:55,144 | INFO | Received: Pile: ['7 of Clubs', 'Ace of Diamonds', '6 of Hearts', '3 of Diamonds', 'Jack of Clubs'] | 1 card(s) left to play. |
| 2024-11-17 13:31:55,151 | INFO | Received: Your turn to play a card due to face card rule. You have 1 card(s) left. |
| 2024-11-17 13:| 2024-11-17 13:31:57,571 | INFO | Received: Pile: ['7 of Clubs', 'Ace of Diamonds', '6 of Hearts', '3 of Diamonds', 'Jack of Club| 2024-11-17 13:31:57,571 | INFO | Received: Pi| 2024-11-17 13:31:57,573 | INFO | Received: Player 1 takes the pile after face card round.Wait for your turn |
| 2024-11-17 13:31:57,582 | INFO | Player turn set to False |
| 2024-11-17 13:31:59,345 | INFO | Received: Pile: ['King of Clubs'] |
| 2024-11-17 13:31:59,350 | INFO | Received: Your turn to play a card due to face card rule. Click 'Take Turn' to play each card.Player 1 must play 3 card(s) due to face card rule. |
| 2024-11-17 13:31:59,355 | INFO | Face card turn set to True |
| 2024-11-17 13:32:01,453 | INFO | Received: shutdown |
| 2024-11-17 13:32:01,457 | INFO | Client socket closed. |
| 2024-11-17 13:32:01,452 | INFO | Client socket closed. |
